d:\mesprojetsinfo\egoheim\egoheim\x64\debug\vc143.pdb
d:\mesprojetsinfo\egoheim\egoheim\x64\debug\vc143.idb
d:\mesprojetsinfo\egoheim\egoheim\x64\debug\startscene.obj
d:\mesprojetsinfo\egoheim\egoheim\x64\debug\stamina.obj
d:\mesprojetsinfo\egoheim\egoheim\x64\debug\scenemanager.obj
d:\mesprojetsinfo\egoheim\egoheim\x64\debug\scene.obj
d:\mesprojetsinfo\egoheim\egoheim\x64\debug\regeneration.obj
d:\mesprojetsinfo\egoheim\egoheim\x64\debug\main.obj
d:\mesprojetsinfo\egoheim\egoheim\x64\debug\health.obj
d:\mesprojetsinfo\egoheim\egoheim\x64\debug\game.obj
d:\mesprojetsinfo\egoheim\egoheim\x64\debug\combatscene.obj
d:\mesprojetsinfo\egoheim\egoheim\x64\debug\character.obj
d:\mesprojetsinfo\egoheim\egoheim\x64\debug\textbutton.obj
d:\mesprojetsinfo\egoheim\egoheim\x64\debug\imagebutton.obj
d:\mesprojetsinfo\egoheim\egoheim\x64\debug\button.obj
d:\mesprojetsinfo\egoheim\egoheim\x64\debug\font.obj
d:\mesprojetsinfo\egoheim\egoheim\x64\debug\imagebutton.h.ifc
d:\mesprojetsinfo\egoheim\egoheim\x64\debug\imagebutton.h.ifc.d.json
d:\mesprojetsinfo\egoheim\egoheim\x64\debug\imagebutton.h.obj
d:\mesprojetsinfo\egoheim\x64\debug\egoheim.exe
d:\mesprojetsinfo\egoheim\x64\debug\egoheim.pdb
d:\mesprojetsinfo\egoheim\egoheim\x64\debug\imagebutton.h.module.json
d:\mesprojetsinfo\egoheim\egoheim\x64\debug\egoheim.ilk
d:\mesprojetsinfo\egoheim\egoheim\x64\debug\egoheim.tlog\cl.command.1.tlog
d:\mesprojetsinfo\egoheim\egoheim\x64\debug\egoheim.tlog\cl.items.tlog
d:\mesprojetsinfo\egoheim\egoheim\x64\debug\egoheim.tlog\cl.read.1.tlog
d:\mesprojetsinfo\egoheim\egoheim\x64\debug\egoheim.tlog\cl.write.1.tlog
d:\mesprojetsinfo\egoheim\egoheim\x64\debug\egoheim.tlog\link.command.1.tlog
d:\mesprojetsinfo\egoheim\egoheim\x64\debug\egoheim.tlog\link.read.1.tlog
d:\mesprojetsinfo\egoheim\egoheim\x64\debug\egoheim.tlog\link.secondary.1.tlog
d:\mesprojetsinfo\egoheim\egoheim\x64\debug\egoheim.tlog\link.write.1.tlog
d:\mesprojetsinfo\egoheim\egoheim\x64\debug\egoheim_md.tlog\cl.command.1.tlog
d:\mesprojetsinfo\egoheim\egoheim\x64\debug\egoheim_md.tlog\microsoft.build.cpptasks.cl.read.1.tlog
d:\mesprojetsinfo\egoheim\egoheim\x64\debug\egoheim_md.tlog\microsoft.build.cpptasks.cl.write.1.tlog
